[2022/1/23 1:1:58 GMT+0800] : launched


[2022/1/23 1:18:29 GMT+0800] : launched


[2022/1/23 1:37:21 GMT+0800] : launched


[2022/1/23 1:42:17 GMT+0800] : launched


[2022/1/23 1:43:8 GMT+0800] : launched


[2022/1/23 1:50:31 GMT+0800] : launched


[2022/1/23 1:53:37 GMT+0800] : launched


[2022/1/23 1:56:25 GMT+0800] : launched


[2022/1/23 10:44:31 GMT+0800] : launched


[2022/1/23 10:47:59 GMT+0800] : launched


[2022/1/23 10:49:42 GMT+0800] : launched


[2022/1/23 10:51:7 GMT+0800] : launched


[2022/1/23 10:51:58 GMT+0800] : launched
[Warning] : Not found any reference for this source file !
Error: Not found any reference for this source file !
	at t.ProjectExplorer.<anonymous> (c:\Users\HJB\.vscode\extensions\cl.eide-2.16.6\dist\extension.js:14:195990)
	at Generator.next (<anonymous>)
	at c:\Users\HJB\.vscode\extensions\cl.eide-2.16.6\dist\extension.js:14:145825
	at new Promise (<anonymous>)
	at o (c:\Users\HJB\.vscode\extensions\cl.eide-2.16.6\dist\extension.js:14:145570)
	at t.ProjectExplorer.showDisassembly (c:\Users\HJB\.vscode\extensions\cl.eide-2.16.6\dist\extension.js:14:195458)
	at c:\Users\HJB\.vscode\extensions\cl.eide-2.16.6\dist\extension.js:7:25703
	at r._executeContributedCommand (f:\Microsoft VS Code\resources\app\out\vs\workbench\services\extensions\node\extensionHostProcess.js:95:31080)
	at r.$executeContributedCommand (f:\Microsoft VS Code\resources\app\out\vs\workbench\services\extensions\node\extensionHostProcess.js:95:31622)
	at t._doInvokeHandler (f:\Microsoft VS Code\resources\app\out\vs\workbench\services\extensions\node\extensionHostProcess.js:99:13802)
	at t._invokeHandler (f:\Microsoft VS Code\resources\app\out\vs\workbench\services\extensions\node\extensionHostProcess.js:99:13486)
	at t._receiveRequest (f:\Microsoft VS Code\resources\app\out\vs\workbench\services\extensions\node\extensionHostProcess.js:99:12148)
	at t._receiveOneMessage (f:\Microsoft VS Code\resources\app\out\vs\workbench\services\extensions\node\extensionHostProcess.js:99:10826)
	at f:\Microsoft VS Code\resources\app\out\vs\workbench\services\extensions\node\extensionHostProcess.js:99:8922
	at u.fire (f:\Microsoft VS Code\resources\app\out\vs\workbench\services\extensions\node\extensionHostProcess.js:66:1712)
	at r.fire (f:\Microsoft VS Code\resources\app\out\vs\workbench\services\extensions\node\extensionHostProcess.js:74:18942)
	at f:\Microsoft VS Code\resources\app\out\vs\workbench\services\extensions\node\extensionHostProcess.js:114:34341
	at u.fire (f:\Microsoft VS Code\resources\app\out\vs\workbench\services\extensions\node\extensionHostProcess.js:66:1712)
	at r.fire (f:\Microsoft VS Code\resources\app\out\vs\workbench\services\extensions\node\extensionHostProcess.js:74:18942)
	at n._receiveMessage (f:\Microsoft VS Code\resources\app\out\vs\workbench\services\extensions\node\extensionHostProcess.js:74:23523)
	at f:\Microsoft VS Code\resources\app\out\vs\workbench\services\extensions\node\extensionHostProcess.js:74:21057
	at u.fire (f:\Microsoft VS Code\resources\app\out\vs\workbench\services\extensions\node\extensionHostProcess.js:66:1712)
	at w.acceptChunk (f:\Microsoft VS Code\resources\app\out\vs\workbench\services\extensions\node\extensionHostProcess.js:74:15770)
	at f:\Microsoft VS Code\resources\app\out\vs\workbench\services\extensions\node\extensionHostProcess.js:74:14900
	at Socket.T (f:\Microsoft VS Code\resources\app\out\vs\workbench\services\extensions\node\extensionHostProcess.js:114:13813)
	at Socket.emit (events.js:315:20)
	at addChunk (internal/streams/readable.js:309:12)
	at readableAddChunk (internal/streams/readable.js:284:9)
	at Socket.Readable.push (internal/streams/readable.js:223:10)
	at Pipe.onStreamRead (internal/stream_base_commons.js:188:23)


[2022/1/23 11:0:48 GMT+0800] : launched


[2022/1/23 11:20:50 GMT+0800] : launched


[2022/1/23 11:27:43 GMT+0800] : launched


[2022/1/23 11:28:53 GMT+0800] : launched


[2022/1/23 11:43:7 GMT+0800] : launched


[2022/1/23 11:44:49 GMT+0800] : launched


[2022/1/23 11:58:40 GMT+0800] : launched


[2022/1/23 12:24:11 GMT+0800] : launched


[2022/1/23 12:29:32 GMT+0800] : launched


[2022/1/23 12:29:58 GMT+0800] : launched


[2022/1/23 12:30:28 GMT+0800] : launched


[2022/1/23 15:31:59 GMT+0800] : launched


[2022/1/23 16:4:31 GMT+0800] : launched


[2022/1/23 16:59:32 GMT+0800] : launched


[2022/1/23 17:49:37 GMT+0800] : launched


[2022/1/23 17:50:10 GMT+0800] : launched


[2022/1/23 18:15:4 GMT+0800] : launched


[2022/1/23 22:29:20 GMT+0800] : launched


[2022/1/24 20:36:48 GMT+0800] : launched


[2022/1/24 21:29:59 GMT+0800] : launched


[2022/1/24 22:40:17 GMT+0800] : launched


[2022/1/25 18:31:3 GMT+0800] : launched


[2022/1/26 15:39:2 GMT+0800] : launched


[2022/1/26 19:5:59 GMT+0800] : launched
