[2022-01-23 01:06:18]	compilation failed at : "e:\jiujiu\DMA\Core\Src\main.c", exit code: 1
  at unify_builder.Program.compileByMulThread (System.Int32 thrNum, unify_builder.CmdGenerator+CmdInfo[] cmds, System.Collections.Generic.List`1[T] errLogs) [0x000e4] in <bd848165df964d26b51d3d1ad263c7b0>:0 
  at unify_builder.Program.Main (System.String[] args) [0x018cb] in <bd848165df964d26b51d3d1ad263c7b0>:0 
---
".\Core\Src\main.c", line 93: Error:  #37: the #endif for this directive is missing
  #if own
   ^
".\Core\Src\main.c", line 181: Error: At end of source:  #67: expected a "}"
.\Core\Src\main.c: 0 warnings, 2 errors

[2022-01-23 01:07:52]	compilation failed at : "e:\jiujiu\DMA\Core\Src\main.c", exit code: 1
  at unify_builder.Program.compileByMulThread (System.Int32 thrNum, unify_builder.CmdGenerator+CmdInfo[] cmds, System.Collections.Generic.List`1[T] errLogs) [0x000e4] in <bd848165df964d26b51d3d1ad263c7b0>:0 
  at unify_builder.Program.Main (System.String[] args) [0x018cb] in <bd848165df964d26b51d3d1ad263c7b0>:0 
---
".\Core\Src\main.c", line 95: Error:  #37: the #endif for this directive is missing
  #if own
   ^
".\Core\Src\main.c", line 181: Error: At end of source:  #67: expected a "}"
.\Core\Src\main.c: 0 warnings, 2 errors

[2022-01-23 01:09:36]	compilation failed at : "e:\jiujiu\DMA\Core\Src\main.c", exit code: 1
  at unify_builder.Program.compileByMulThread (System.Int32 thrNum, unify_builder.CmdGenerator+CmdInfo[] cmds, System.Collections.Generic.List`1[T] errLogs) [0x000e4] in <bd848165df964d26b51d3d1ad263c7b0>:0 
  at unify_builder.Program.Main (System.String[] args) [0x018cb] in <bd848165df964d26b51d3d1ad263c7b0>:0 
---
".\Core\Src\main.c", line 98: Error:  #20: identifier "CUT" is undefined
    HAL_UART_Receive_DMA(&huart1,RXBUFFER,CUT);
                                          ^
.\Core\Src\main.c: 0 warnings, 1 error

[2022-01-23 01:09:59]	[done]
	build successfully !

[2022-01-23 01:10:55]	compilation failed at : "e:\jiujiu\DMA\Core\Src\main.c", exit code: 1
  at unify_builder.Program.compileByMulThread (System.Int32 thrNum, unify_builder.CmdGenerator+CmdInfo[] cmds, System.Collections.Generic.List`1[T] errLogs) [0x000e4] in <bd848165df964d26b51d3d1ad263c7b0>:0 
  at unify_builder.Program.Main (System.String[] args) [0x018cb] in <bd848165df964d26b51d3d1ad263c7b0>:0 
---
".\Core\Src\main.c", line 104: Error:  #65: expected a ";"
    while (1)
    ^
".\Core\Src\main.c", line 111: Warning:  #12-D: parsing restarts here after previous syntax error
  }
  ^
.\Core\Src\main.c: 1 warning, 1 error

[2022-01-23 01:13:04]	compilation failed at : "e:\jiujiu\DMA\Core\Src\main.c", exit code: 1
  at unify_builder.Program.compileByMulThread (System.Int32 thrNum, unify_builder.CmdGenerator+CmdInfo[] cmds, System.Collections.Generic.List`1[T] errLogs) [0x000e4] in <bd848165df964d26b51d3d1ad263c7b0>:0 
  at unify_builder.Program.Main (System.String[] args) [0x018cb] in <bd848165df964d26b51d3d1ad263c7b0>:0 
---
".\Core\Src\main.c", line 104: Error:  #65: expected a ";"
    while (1)
    ^
".\Core\Src\main.c", line 111: Warning:  #12-D: parsing restarts here after previous syntax error
  }
  ^
.\Core\Src\main.c: 1 warning, 1 error

[2022-01-23 01:26:38]	compilation failed at : "e:\jiujiu\DMA\Core\Src\main.c", exit code: 1
  at unify_builder.Program.compileByMulThread (System.Int32 thrNum, unify_builder.CmdGenerator+CmdInfo[] cmds, System.Collections.Generic.List`1[T] errLogs) [0x000e4] in <bd848165df964d26b51d3d1ad263c7b0>:0 
  at unify_builder.Program.Main (System.String[] args) [0x018cb] in <bd848165df964d26b51d3d1ad263c7b0>:0 
---
".\Core\Src\main.c", line 49: Error:  #17: expected a "]"
  uint8_t RXBUFFER[RXBUFF];
                   ^
".\Core\Src\main.c", line 49: Error:  #169: expected a declaration
  uint8_t RXBUFFER[RXBUFF];
                         ^
".\Core\Src\main.c", line 104: Error:  #65: expected a ";"
    while (1)
    ^
".\Core\Src\main.c", line 111: Warning:  #12-D: parsing restarts here after previous syntax error
  }
  ^
.\Core\Src\main.c: 1 warning, 3 errors

[2022-01-23 01:27:02]	compilation failed at : "e:\jiujiu\DMA\Core\Src\main.c", exit code: 1
  at unify_builder.Program.compileByMulThread (System.Int32 thrNum, unify_builder.CmdGenerator+CmdInfo[] cmds, System.Collections.Generic.List`1[T] errLogs) [0x000e4] in <bd848165df964d26b51d3d1ad263c7b0>:0 
  at unify_builder.Program.Main (System.String[] args) [0x018cb] in <bd848165df964d26b51d3d1ad263c7b0>:0 
---
".\Core\Src\main.c", line 49: Error:  #17: expected a "]"
  uint8_t RXBUFFER[RXBUFF]
                   ^
".\Core\Src\main.c", line 49: Error:  #169: expected a declaration
  uint8_t RXBUFFER[RXBUFF]
                         ^
".\Core\Src\main.c", line 98: Error:  #20: identifier "CNT" is undefined
    HAL_UART_Receive_DMA(&huart1,RXBUFFER,CNT);
                                          ^
.\Core\Src\main.c: 0 warnings, 3 errors

[2022-01-23 01:27:34]	compilation failed at : "e:\jiujiu\DMA\Core\Src\main.c", exit code: 1
  at unify_builder.Program.compileByMulThread (System.Int32 thrNum, unify_builder.CmdGenerator+CmdInfo[] cmds, System.Collections.Generic.List`1[T] errLogs) [0x000e4] in <bd848165df964d26b51d3d1ad263c7b0>:0 
  at unify_builder.Program.Main (System.String[] args) [0x018cb] in <bd848165df964d26b51d3d1ad263c7b0>:0 
---
".\Core\Src\main.c", line 49: Error:  #17: expected a "]"
  uint8_t RXBUFFER[RXBUFF];
                   ^
".\Core\Src\main.c", line 49: Error:  #169: expected a declaration
  uint8_t RXBUFFER[RXBUFF];
                         ^
.\Core\Src\main.c: 0 warnings, 2 errors

[2022-01-23 01:28:01]	compilation failed at : "e:\jiujiu\DMA\Core\Src\main.c", exit code: 1
  at unify_builder.Program.compileByMulThread (System.Int32 thrNum, unify_builder.CmdGenerator+CmdInfo[] cmds, System.Collections.Generic.List`1[T] errLogs) [0x000e4] in <bd848165df964d26b51d3d1ad263c7b0>:0 
  at unify_builder.Program.Main (System.String[] args) [0x018cb] in <bd848165df964d26b51d3d1ad263c7b0>:0 
---
".\Core\Src\main.c", line 49: Error:  #17: expected a "]"
  uint8_t RXBUFFER[RXBUFF]={0};
                   ^
".\Core\Src\main.c", line 49: Error:  #169: expected a declaration
  uint8_t RXBUFFER[RXBUFF]={0};
                         ^
.\Core\Src\main.c: 0 warnings, 2 errors

[2022-01-23 01:28:22]	[done]
	build successfully !

[2022-01-23 01:35:54]	[done]
	build successfully !

[2022-01-23 01:37:49]	[done]
	build successfully !

[2022-01-23 01:42:40]	[done]
	build successfully !

[2022-01-23 01:43:31]	[done]
	build successfully !

[2022-01-23 01:53:46]	[done]
	build successfully !

[2022-01-23 01:56:01]	[done]
	build successfully !

[2022-01-23 01:58:05]	[done]
	build successfully !

[2022-01-23 10:48:20]	[done]
	build successfully !

[2022-01-23 10:54:04]	compilation failed at : "e:\jiujiu\DMA\Core\Src\main.c", exit code: 1
  at unify_builder.Program.compileByMulThread (System.Int32 thrNum, unify_builder.CmdGenerator+CmdInfo[] cmds, System.Collections.Generic.List`1[T] errLogs) [0x000e4] in <bd848165df964d26b51d3d1ad263c7b0>:0 
  at unify_builder.Program.Main (System.String[] args) [0x018cb] in <bd848165df964d26b51d3d1ad263c7b0>:0 
---
".\Core\Src\main.c", line 100: Error:  #7: unrecognized token
    MX_DMA_Init();——
                  ^
".\Core\Src\main.c", line 100: Error:  #29: expected an expression
    MX_DMA_Init();——
                  ^
".\Core\Src\main.c", line 100: Error:  #7: unrecognized token
    MX_DMA_Init();——
                   ^
.\Core\Src\main.c: 0 warnings, 3 errors

[2022-01-23 10:54:23]	[done]
	build successfully !

[2022-01-23 10:58:19]	[done]
	build successfully !

[2022-01-23 11:00:28]	[done]
	build successfully !

[2022-01-23 11:07:37]	[done]
	build successfully !

[2022-01-23 11:12:53]	[done]
	build successfully !

[2022-01-23 11:13:38]	compilation failed at : "e:\jiujiu\DMA\Core\Src\main.c", exit code: 1
  at unify_builder.Program.compileByMulThread (System.Int32 thrNum, unify_builder.CmdGenerator+CmdInfo[] cmds, System.Collections.Generic.List`1[T] errLogs) [0x000e4] in <bd848165df964d26b51d3d1ad263c7b0>:0 
  at unify_builder.Program.Main (System.String[] args) [0x018cb] in <bd848165df964d26b51d3d1ad263c7b0>:0 
---
".\Core\Src\main.c", line 57: Error:  #147: declaration is incompatible with "char RXBUFFER[256]" (declared at line 45)
  uint8_t RXBUFFER[] = {0};
          ^
".\Core\Src\main.c", line 106: Warning:  #167-D: argument of type "char *" is incompatible with parameter of type "uint8_t *"
    HAL_UART_Receive_IT(&huart1, RXBUFFER, CNT);
                                 ^
.\Core\Src\main.c: 1 warning, 1 error

[2022-01-23 11:14:08]	[done]
	build successfully !

[2022-01-23 11:19:30]	[done]
	build successfully !

[2022-01-23 11:22:42]	[done]
	build successfully !

[2022-01-23 12:59:55]	compilation failed at : "e:\jiujiu\DMA\Core\Src\main.c", exit code: 1
  at unify_builder.Program.compileByMulThread (System.Int32 thrNum, unify_builder.CmdGenerator+CmdInfo[] cmds, System.Collections.Generic.List`1[T] errLogs) [0x000e4] in <bd848165df964d26b51d3d1ad263c7b0>:0 
  at unify_builder.Program.Main (System.String[] args) [0x018cb] in <bd848165df964d26b51d3d1ad263c7b0>:0 
---
".\Core\Src\main.c", line 57: Error:  #147: declaration is incompatible with "char RXBUFFER[256]" (declared at line 45)
  uint8_t RXBUFFER[] = {0};
          ^
".\Core\Src\main.c", line 106: Error:  #167: argument of type "uint8_t" is incompatible with parameter of type "uint8_t *"
    HAL_UART_Receive_IT(&huart1, rx, 1);
                                 ^
".\Core\Src\main.c", line 182: Warning:  #167-D: argument of type "char *" is incompatible with parameter of type "uint8_t *"
        HAL_UART_Transmit(&huart1, RXBUFFER, CNT, 0xffff);
                                   ^
".\Core\Src\main.c", line 189: Error:  #167: argument of type "uint8_t" is incompatible with parameter of type "uint8_t *"
    HAL_UART_Receive_IT(&huart1, rx, 1);
                                 ^
.\Core\Src\main.c: 1 warning, 3 errors

[2022-01-23 13:01:01]	compilation failed at : "e:\jiujiu\DMA\Core\Src\main.c", exit code: 1
  at unify_builder.Program.compileByMulThread (System.Int32 thrNum, unify_builder.CmdGenerator+CmdInfo[] cmds, System.Collections.Generic.List`1[T] errLogs) [0x000e4] in <bd848165df964d26b51d3d1ad263c7b0>:0 
  at unify_builder.Program.Main (System.String[] args) [0x018cb] in <bd848165df964d26b51d3d1ad263c7b0>:0 
---
".\Core\Src\main.c", line 106: Error:  #167: argument of type "uint8_t" is incompatible with parameter of type "uint8_t *"
    HAL_UART_Receive_IT(&huart1, rx, 1);
                                 ^
".\Core\Src\main.c", line 182: Warning:  #167-D: argument of type "char *" is incompatible with parameter of type "uint8_t *"
        HAL_UART_Transmit(&huart1, RXBUFFER, CNT, 0xffff);
                                   ^
".\Core\Src\main.c", line 189: Error:  #167: argument of type "uint8_t" is incompatible with parameter of type "uint8_t *"
    HAL_UART_Receive_IT(&huart1, rx, 1);
                                 ^
.\Core\Src\main.c: 1 warning, 2 errors

[2022-01-23 13:01:43]	compilation failed at : "e:\jiujiu\DMA\Core\Src\main.c", exit code: 1
  at unify_builder.Program.compileByMulThread (System.Int32 thrNum, unify_builder.CmdGenerator+CmdInfo[] cmds, System.Collections.Generic.List`1[T] errLogs) [0x000e4] in <bd848165df964d26b51d3d1ad263c7b0>:0 
  at unify_builder.Program.Main (System.String[] args) [0x018cb] in <bd848165df964d26b51d3d1ad263c7b0>:0 
---
".\Core\Src\main.c", line 106: Error:  #167: argument of type "uint8_t" is incompatible with parameter of type "uint8_t *"
    HAL_UART_Receive_IT(&huart1, rx, 1);
                                 ^
".\Core\Src\main.c", line 189: Error:  #167: argument of type "uint8_t" is incompatible with parameter of type "uint8_t *"
    HAL_UART_Receive_IT(&huart1, rx, 1);
                                 ^
.\Core\Src\main.c: 0 warnings, 2 errors

[2022-01-23 13:02:55]	compilation failed at : "e:\jiujiu\DMA\Core\Src\main.c", exit code: 1
  at unify_builder.Program.compileByMulThread (System.Int32 thrNum, unify_builder.CmdGenerator+CmdInfo[] cmds, System.Collections.Generic.List`1[T] errLogs) [0x000e4] in <bd848165df964d26b51d3d1ad263c7b0>:0 
  at unify_builder.Program.Main (System.String[] args) [0x018cb] in <bd848165df964d26b51d3d1ad263c7b0>:0 
---
".\Core\Src\main.c", line 106: Error:  #167: argument of type "uint8_t" is incompatible with parameter of type "uint8_t *"
    HAL_UART_Receive_IT(&huart1, rx, 1);
                                 ^
".\Core\Src\main.c", line 182: Warning:  #167-D: argument of type "char *" is incompatible with parameter of type "uint8_t *"
        HAL_UART_Transmit(&huart1, RXBUFFER, CNT, 0xffff);
                                   ^
".\Core\Src\main.c", line 189: Error:  #167: argument of type "uint8_t" is incompatible with parameter of type "uint8_t *"
    HAL_UART_Receive_IT(&huart1, rx, 1);
                                 ^
.\Core\Src\main.c: 1 warning, 2 errors

[2022-01-23 13:06:58]	compilation failed at : "e:\jiujiu\DMA\Core\Src\main.c", exit code: 1
  at unify_builder.Program.compileByMulThread (System.Int32 thrNum, unify_builder.CmdGenerator+CmdInfo[] cmds, System.Collections.Generic.List`1[T] errLogs) [0x000e4] in <bd848165df964d26b51d3d1ad263c7b0>:0 
  at unify_builder.Program.Main (System.String[] args) [0x018cb] in <bd848165df964d26b51d3d1ad263c7b0>:0 
---
".\Core\Src\main.c", line 182: Warning:  #167-D: argument of type "char *" is incompatible with parameter of type "uint8_t *"
        HAL_UART_Transmit(&huart1, RXBUFFER, CNT, 0xffff);
                                   ^
".\Core\Src\main.c", line 189: Error:  #167: argument of type "uint8_t" is incompatible with parameter of type "uint8_t *"
    HAL_UART_Receive_IT(&huart1, rx, 1);
                                 ^
.\Core\Src\main.c: 1 warning, 1 error

[2022-01-23 13:07:27]	[done]
	build successfully !

[2022-01-23 13:08:12]	[done]
	build successfully !

[2022-01-23 13:11:30]	[done]
	build successfully !

[2022-01-23 13:28:12]	compilation failed at : "e:\jiujiu\DMA\Core\Src\main.c", exit code: 1
  at unify_builder.Program.compileByMulThread (System.Int32 thrNum, unify_builder.CmdGenerator+CmdInfo[] cmds, System.Collections.Generic.List`1[T] errLogs) [0x000e4] in <bd848165df964d26b51d3d1ad263c7b0>:0 
  at unify_builder.Program.Main (System.String[] args) [0x018cb] in <bd848165df964d26b51d3d1ad263c7b0>:0 
---
".\Core\Src\main.c", line 105: Error:  #20: identifier "RXBUFFER" is undefined
    HAL_UART_Receive_DMA(&huart1, RXBUFFER, CNT);
                                  ^
".\Core\Src\main.c", line 105: Error:  #20: identifier "CNT" is undefined
    HAL_UART_Receive_DMA(&huart1, RXBUFFER, CNT);
                                            ^
".\Core\Src\main.c", line 191: Error:  #20: identifier "RXBUFFER" is undefined
    HAL_UART_Transmit_DMA(&huart1, RXBUFFER, CNT);
                                   ^
".\Core\Src\main.c", line 191: Error:  #20: identifier "CNT" is undefined
    HAL_UART_Transmit_DMA(&huart1, RXBUFFER, CNT);
                                             ^
.\Core\Src\main.c: 0 warnings, 4 errors

[2022-01-23 13:29:53]	[done]
	build successfully !

[2022-01-23 13:32:04]	[done]
	build successfully !

[2022-01-23 13:32:20]	[done]
	build successfully !

[2022-01-23 13:35:58]	[done]
	build successfully !

[2022-01-23 13:38:53]	[done]
	build successfully !

[2022-01-23 13:41:38]	[done]
	build successfully !

[2022-01-23 13:45:51]	[done]
	build successfully !

[2022-01-23 14:11:43]	[done]
	build successfully !

[2022-01-23 14:57:22]	[done]
	build successfully !

[2022-01-23 15:00:22]	[done]
	build successfully !

[2022-01-23 15:01:26]	[done]
	build successfully !

[2022-01-23 15:01:43]	[done]
	build successfully !

[2022-01-23 15:02:07]	[done]
	build successfully !

[2022-01-23 15:12:04]	[done]
	build successfully !

[2022-01-23 15:15:40]	[done]
	build successfully !

[2022-01-23 15:17:23]	[done]
	build successfully !

[2022-01-23 15:18:24]	[done]
	build successfully !

[2022-01-23 15:20:13]	[done]
	build successfully !

[2022-01-23 15:23:12]	compilation failed at : "e:\jiujiu\DMA\Core\Src\main.c", exit code: 1
  at unify_builder.Program.compileByMulThread (System.Int32 thrNum, unify_builder.CmdGenerator+CmdInfo[] cmds, System.Collections.Generic.List`1[T] errLogs) [0x000e4] in <bd848165df964d26b51d3d1ad263c7b0>:0 
  at unify_builder.Program.Main (System.String[] args) [0x018cb] in <bd848165df964d26b51d3d1ad263c7b0>:0 
---
".\Core\Src\main.c", line 178: Error:  #20: identifier "Uart1_Rx_Cnt" is undefined
  	if(Uart1_Rx_Cnt >= 255)  //锟斤拷锟斤拷卸锟?
  	   ^
".\Core\Src\main.c", line 181: Error:  #20: identifier "RxBuffer" is undefined
  		memset(RxBuffer,0x00,sizeof(RxBuffer));
  		       ^
".\Core\Src\main.c", line 187: Error:  #20: identifier "RxBuffer" is undefined
  		RxBuffer[Uart1_Rx_Cnt++] = aRxBuffer;   //锟斤拷锟斤拷锟斤拷锟斤拷转锟斤拷
  		^
".\Core\Src\main.c", line 187: Error:  #20: identifier "aRxBuffer" is undefined
  		RxBuffer[Uart1_Rx_Cnt++] = aRxBuffer;   //锟斤拷锟斤拷锟斤拷锟斤拷转锟斤拷
  		                           ^
".\Core\Src\main.c", line 198: Error:  #20: identifier "aRxBuffer" is undefined
  	HAL_UART_Receive_IT(&huart1, (uint8_t *)&aRxBuffer, 1);   //锟劫匡拷锟斤拷锟斤拷锟斤拷锟叫讹拷
  	                                         ^
".\Core\Src\main.c", line 200: Error:  #36: the #if for this directive is missing
  #else
   ^
".\Core\Src\main.c", line 201: Error:  #247: function "HAL_UART_RxCpltCallback" has already been defined
  void HAL_UART_RxCpltCallback(UART_HandleTypeDef *huart)
       ^
".\Core\Src\main.c", line 205: Error:  #36: the #if for this directive is missing
  #endif
   ^
.\Core\Src\main.c: 0 warnings, 8 errors

[2022-01-23 15:23:49]	compilation failed at : "e:\jiujiu\DMA\Core\Src\main.c", exit code: 1
  at unify_builder.Program.compileByMulThread (System.Int32 thrNum, unify_builder.CmdGenerator+CmdInfo[] cmds, System.Collections.Generic.List`1[T] errLogs) [0x000e4] in <bd848165df964d26b51d3d1ad263c7b0>:0 
  at unify_builder.Program.Main (System.String[] args) [0x018cb] in <bd848165df964d26b51d3d1ad263c7b0>:0 
---
".\Core\Src\main.c", line 178: Error:  #20: identifier "Uart1_Rx_Cnt" is undefined
    if (Uart1_Rx_Cnt >= 255) //锟斤拷锟斤拷卸锟?
        ^
".\Core\Src\main.c", line 181: Error:  #20: identifier "RxBuffer" is undefined
      memset(RxBuffer, 0x00, sizeof(RxBuffer));
             ^
".\Core\Src\main.c", line 186: Error:  #20: identifier "RxBuffer" is undefined
      RxBuffer[Uart1_Rx_Cnt++] = aRxBuffer; //锟斤拷锟斤拷锟斤拷锟斤拷转锟斤拷
      ^
".\Core\Src\main.c", line 186: Error:  #20: identifier "aRxBuffer" is undefined
      RxBuffer[Uart1_Rx_Cnt++] = aRxBuffer; //锟斤拷锟斤拷锟斤拷锟斤拷转锟斤拷
                                 ^
".\Core\Src\main.c", line 198: Error:  #20: identifier "aRxBuffer" is undefined
    HAL_UART_Receive_IT(&huart1, (uint8_t *)&aRxBuffer, 1); //锟劫匡拷锟斤拷锟斤拷锟斤拷锟叫讹拷
                                             ^
".\Core\Src\main.c", line 200: Error:  #36: the #if for this directive is missing
  #else
   ^
".\Core\Src\main.c", line 201: Error:  #247: function "HAL_UART_RxCpltCallback" has already been defined
  void HAL_UART_RxCpltCallback(UART_HandleTypeDef *huart)
       ^
".\Core\Src\main.c", line 205: Error:  #36: the #if for this directive is missing
  #endif
   ^
.\Core\Src\main.c: 0 warnings, 8 errors

[2022-01-23 15:25:24]	compilation failed at : "e:\jiujiu\DMA\Core\Src\main.c", exit code: 1
  at unify_builder.Program.compileByMulThread (System.Int32 thrNum, unify_builder.CmdGenerator+CmdInfo[] cmds, System.Collections.Generic.List`1[T] errLogs) [0x000e4] in <bd848165df964d26b51d3d1ad263c7b0>:0 
  at unify_builder.Program.Main (System.String[] args) [0x018cb] in <bd848165df964d26b51d3d1ad263c7b0>:0 
---
".\Core\Src\main.c", line 174: Error:  #20: identifier "Uart1_Rx_Cnt" is undefined
    if (Uart1_Rx_Cnt >= 255) //锟斤拷锟斤拷卸锟?
        ^
".\Core\Src\main.c", line 177: Error:  #20: identifier "RxBuffer" is undefined
      memset(RxBuffer, 0x00, sizeof(RxBuffer));
             ^
".\Core\Src\main.c", line 182: Error:  #20: identifier "RxBuffer" is undefined
      RxBuffer[Uart1_Rx_Cnt++] = aRxBuffer; //锟斤拷锟斤拷锟斤拷锟斤拷转锟斤拷
      ^
".\Core\Src\main.c", line 182: Error:  #20: identifier "aRxBuffer" is undefined
      RxBuffer[Uart1_Rx_Cnt++] = aRxBuffer; //锟斤拷锟斤拷锟斤拷锟斤拷转锟斤拷
                                 ^
".\Core\Src\main.c", line 194: Error:  #20: identifier "aRxBuffer" is undefined
    HAL_UART_Receive_IT(&huart1, (uint8_t *)&aRxBuffer, 1); //锟劫匡拷锟斤拷锟斤拷锟斤拷锟叫讹拷
                                             ^
".\Core\Src\main.c", line 196: Error:  #36: the #if for this directive is missing
  #else
   ^
".\Core\Src\main.c", line 197: Error:  #247: function "HAL_UART_RxCpltCallback" has already been defined
  void HAL_UART_RxCpltCallback(UART_HandleTypeDef *huart)
       ^
".\Core\Src\main.c", line 201: Error:  #36: the #if for this directive is missing
  #endif
   ^
.\Core\Src\main.c: 0 warnings, 8 errors

[2022-01-23 15:26:43]	[done]
	build successfully !

[2022-01-23 15:32:36]	[done]
	build successfully !

[2022-01-23 15:34:51]	[done]
	build successfully !

[2022-01-23 15:37:36]	[done]
	build successfully !

[2022-01-23 15:38:55]	compilation failed at : "e:\jiujiu\DMA\Core\Src\main.c", exit code: 1
  at unify_builder.Program.compileByMulThread (System.Int32 thrNum, unify_builder.CmdGenerator+CmdInfo[] cmds, System.Collections.Generic.List`1[T] errLogs) [0x000e4] in <bd848165df964d26b51d3d1ad263c7b0>:0 
  at unify_builder.Program.Main (System.String[] args) [0x018cb] in <bd848165df964d26b51d3d1ad263c7b0>:0 
---
".\Core\Src\main.c", line 44: Error:  #169: expected a declaration
  if own
  ^
".\Core\Src\main.c", line 48: Error:  #169: expected a declaration
  else
  ^
".\Core\Src\main.c", line 50: Error:  #20: identifier "endif" is undefined
  endif
  ^
".\Core\Src\main.c", line 56: Error:  #101: "uint8_t" has already been declared in the current scope
  uint8_t pv[] = "xiaojiu\r\n";
  ^
".\Core\Src\main.c", line 56: Error:  #65: expected a ";"
  uint8_t pv[] = "xiaojiu\r\n";
          ^
".\Core\Src\main.c", line 57: Error:  #757: variable "uint8_t" is not a type name
  uint8_t pv1[] = "XIAOJIU\r\n";
  ^
".\Core\Src\main.c", line 57: Warning:  #520-D: initialization with "{...}" expected for aggregate object
  uint8_t pv1[] = "XIAOJIU\r\n";
                  ^
".\Core\Src\main.c", line 105: Error:  #20: identifier "DMA_RX" is undefined
    HAL_UART_Receive_DMA(&huart1, DMA_RX, DMA_RX_CNT);
                                  ^
".\Core\Src\main.c", line 200: Error:  #20: identifier "DMA_RX" is undefined
    HAL_UART_Transmit_DMA(&huart1, DMA_RX, DMA_RX_CNT);
                                   ^
.\Core\Src\main.c: 1 warning, 8 errors

[2022-01-23 15:39:50]	compilation failed at : "e:\jiujiu\DMA\Core\Src\main.c", exit code: 1
  at unify_builder.Program.compileByMulThread (System.Int32 thrNum, unify_builder.CmdGenerator+CmdInfo[] cmds, System.Collections.Generic.List`1[T] errLogs) [0x000e4] in <bd848165df964d26b51d3d1ad263c7b0>:0 
  at unify_builder.Program.Main (System.String[] args) [0x018cb] in <bd848165df964d26b51d3d1ad263c7b0>:0 
---
".\Core\Src\main.c", line 201: Error:  #137: expression must be a modifiable lvalue
    own += 1;
    ^
.\Core\Src\main.c: 0 warnings, 1 error

[2022-01-23 15:40:31]	[done]
	build successfully !

[2022-01-23 18:00:37]	[done]
	build successfully !

[2022-01-23 18:01:28]	[done]
	build successfully !

[2022-01-23 18:05:45]	compilation failed at : "e:\jiujiu\DMA\Core\Src\main.c", exit code: 1
  at unify_builder.Program.Main (System.String[] args) [0x0187a] in <67d11e1b30504dd6babd321425698ba1>:0 
---
".\Core\Src\main.c", line 113: Error:  #20: identifier "G7780" is undefined
  /* USER CODE END WHILE */G7780
                           ^
".\Core\Src\main.c", line 117: Error:  #79: expected a type specifier
      HAL_UART_Transmit(&huart1, pv, sizeof(pv), 0xffff);
                        ^
".\Core\Src\main.c", line 117: Error:  #757: variable "pv" is not a type name
      HAL_UART_Transmit(&huart1, pv, sizeof(pv), 0xffff);
                                 ^
".\Core\Src\main.c", line 117: Error:  #79: expected a type specifier
      HAL_UART_Transmit(&huart1, pv, sizeof(pv), 0xffff);
                                     ^
".\Core\Src\main.c", line 117: Error:  #79: expected a type specifier
      HAL_UART_Transmit(&huart1, pv, sizeof(pv), 0xffff);
                                                 ^
.\Core\Src\main.c: 0 warnings, 5 errors

[2022-01-23 18:06:04]	[done]
	build successfully !

[2022-01-23 18:16:18]	[done]
	build successfully !

[2022-01-24 21:33:30]	compilation failed at : "e:\jiujiu\DMA\Core\Src\usart.c", exit code: 1
  at unify_builder.Program.compileByMulThread (System.Int32 thrNum, unify_builder.CmdGenerator+CmdInfo[] cmds, System.Collections.Generic.List`1[T] errLogs) [0x00104] in <67d11e1b30504dd6babd321425698ba1>:0 
  at unify_builder.Program.Main (System.String[] args) [0x018f4] in <67d11e1b30504dd6babd321425698ba1>:0 
---
".\Core\Src\usart.c", line 166: Error:  #20: identifier "FILE" is undefined
  int fputc(int ch, FILE *f)
                    ^
".\Core\Src\usart.c", line 178: Error:  #20: identifier "FILE" is undefined
  int fgetc(FILE *f)
            ^
.\Core\Src\usart.c: 0 warnings, 2 errors

[2022-01-24 21:34:37]	compilation failed at : "e:\jiujiu\DMA\Core\Src\usart.c", exit code: 1
  at unify_builder.Program.compileByMulThread (System.Int32 thrNum, unify_builder.CmdGenerator+CmdInfo[] cmds, System.Collections.Generic.List`1[T] errLogs) [0x00104] in <67d11e1b30504dd6babd321425698ba1>:0 
  at unify_builder.Program.Main (System.String[] args) [0x018f4] in <67d11e1b30504dd6babd321425698ba1>:0 
---
".\Core\Src\usart.c", line 166: Error:  #20: identifier "FILE" is undefined
  int fputc(int ch, FILE *f)
                    ^
".\Core\Src\usart.c", line 178: Error:  #20: identifier "FILE" is undefined
  int fgetc(FILE *f)
            ^
.\Core\Src\usart.c: 0 warnings, 2 errors

[2022-01-24 21:35:40]	[done]
	build successfully !

[2022-01-24 21:36:06]	compilation failed at : "e:\jiujiu\DMA\Core\Src\usart.c", exit code: 1
  at unify_builder.Program.compileByMulThread (System.Int32 thrNum, unify_builder.CmdGenerator+CmdInfo[] cmds, System.Collections.Generic.List`1[T] errLogs) [0x00104] in <67d11e1b30504dd6babd321425698ba1>:0 
  at unify_builder.Program.Main (System.String[] args) [0x018f4] in <67d11e1b30504dd6babd321425698ba1>:0 
---
".\Core\Src\usart.c", line 166: Error:  #20: identifier "FILE" is undefined
  int fputc(int ch, FILE *f)
                    ^
".\Core\Src\usart.c", line 178: Error:  #20: identifier "FILE" is undefined
  int fgetc(FILE *f)
            ^
.\Core\Src\usart.c: 0 warnings, 2 errors

[2022-01-24 21:37:04]	[done]
	build successfully !

[2022-01-24 21:38:09]	[done]
	build successfully !

[2022-01-24 22:06:58]	compilation failed at : "e:\jiujiu\DMA\Core\Src\main.c", exit code: 1
  at unify_builder.Program.compileByMulThread (System.Int32 thrNum, unify_builder.CmdGenerator+CmdInfo[] cmds, System.Collections.Generic.List`1[T] errLogs) [0x00104] in <67d11e1b30504dd6babd321425698ba1>:0 
  at unify_builder.Program.Main (System.String[] args) [0x018f4] in <67d11e1b30504dd6babd321425698ba1>:0 
---
".\Core\Src\main.c", line 189: Error:  #167: argument of type "char (*)[256]" is incompatible with parameter of type "uint32_t"
        HAL_DMA_Start(&hdma_memtomem_dma1_channel1,&RxBuffer,&dma_rx,Uart1_Rx_Cnt);
                                                   ^
".\Core\Src\main.c", line 189: Error:  #167: argument of type "uint8_t (*)[256]" is incompatible with parameter of type "uint32_t"
        HAL_DMA_Start(&hdma_memtomem_dma1_channel1,&RxBuffer,&dma_rx,Uart1_Rx_Cnt);
                                                             ^
.\Core\Src\main.c: 0 warnings, 2 errors

[2022-01-24 22:07:18]	compilation failed at : "e:\jiujiu\DMA\Core\Src\main.c", exit code: 1
  at unify_builder.Program.compileByMulThread (System.Int32 thrNum, unify_builder.CmdGenerator+CmdInfo[] cmds, System.Collections.Generic.List`1[T] errLogs) [0x00104] in <67d11e1b30504dd6babd321425698ba1>:0 
  at unify_builder.Program.Main (System.String[] args) [0x018f4] in <67d11e1b30504dd6babd321425698ba1>:0 
---
".\Core\Src\main.c", line 189: Error:  #167: argument of type "char *" is incompatible with parameter of type "uint32_t"
        HAL_DMA_Start(&hdma_memtomem_dma1_channel1,RxBuffer,dma_rx,Uart1_Rx_Cnt);
                                                   ^
".\Core\Src\main.c", line 189: Error:  #167: argument of type "uint8_t *" is incompatible with parameter of type "uint32_t"
        HAL_DMA_Start(&hdma_memtomem_dma1_channel1,RxBuffer,dma_rx,Uart1_Rx_Cnt);
                                                            ^
.\Core\Src\main.c: 0 warnings, 2 errors

[2022-01-24 22:08:12]	compilation failed at : "e:\jiujiu\DMA\Core\Src\main.c", exit code: 1
  at unify_builder.Program.compileByMulThread (System.Int32 thrNum, unify_builder.CmdGenerator+CmdInfo[] cmds, System.Collections.Generic.List`1[T] errLogs) [0x00104] in <67d11e1b30504dd6babd321425698ba1>:0 
  at unify_builder.Program.Main (System.String[] args) [0x018f4] in <67d11e1b30504dd6babd321425698ba1>:0 
---
".\Core\Src\main.c", line 189: Error:  #167: argument of type "char *" is incompatible with parameter of type "uint32_t"
        HAL_DMA_Start(&hdma_memtomem_dma1_channel1,RxBuffer,dma_rx,Uart1_Rx_Cnt);
                                                   ^
".\Core\Src\main.c", line 189: Error:  #167: argument of type "uint32_t *" is incompatible with parameter of type "uint32_t"
        HAL_DMA_Start(&hdma_memtomem_dma1_channel1,RxBuffer,dma_rx,Uart1_Rx_Cnt);
                                                            ^
.\Core\Src\main.c: 0 warnings, 2 errors

[2022-01-24 22:09:39]	compilation failed at : "e:\jiujiu\DMA\Core\Src\main.c", exit code: 1
  at unify_builder.Program.compileByMulThread (System.Int32 thrNum, unify_builder.CmdGenerator+CmdInfo[] cmds, System.Collections.Generic.List`1[T] errLogs) [0x00104] in <67d11e1b30504dd6babd321425698ba1>:0 
  at unify_builder.Program.Main (System.String[] args) [0x018f4] in <67d11e1b30504dd6babd321425698ba1>:0 
---
".\Core\Src\main.c", line 188: Error:  #167: argument of type "uint32_t *" is incompatible with parameter of type "uint32_t"
        HAL_DMA_Start(&hdma_memtomem_dma1_channel1, (uint32_t *)RxBuffer, dma_rx, Uart1_Rx_Cnt);
                                                    ^
".\Core\Src\main.c", line 188: Error:  #167: argument of type "uint32_t *" is incompatible with parameter of type "uint32_t"
        HAL_DMA_Start(&hdma_memtomem_dma1_channel1, (uint32_t *)RxBuffer, dma_rx, Uart1_Rx_Cnt);
                                                                          ^
.\Core\Src\main.c: 0 warnings, 2 errors

[2022-01-24 22:09:51]	compilation failed at : "e:\jiujiu\DMA\Core\Src\main.c", exit code: 1
  at unify_builder.Program.compileByMulThread (System.Int32 thrNum, unify_builder.CmdGenerator+CmdInfo[] cmds, System.Collections.Generic.List`1[T] errLogs) [0x00104] in <67d11e1b30504dd6babd321425698ba1>:0 
  at unify_builder.Program.Main (System.String[] args) [0x018f4] in <67d11e1b30504dd6babd321425698ba1>:0 
---
".\Core\Src\main.c", line 188: Error:  #167: argument of type "uint32_t *" is incompatible with parameter of type "uint32_t"
        HAL_DMA_Start(&hdma_memtomem_dma1_channel1, (uint32_t *)&RxBuffer, dma_rx, Uart1_Rx_Cnt);
                                                    ^
".\Core\Src\main.c", line 188: Error:  #167: argument of type "uint32_t *" is incompatible with parameter of type "uint32_t"
        HAL_DMA_Start(&hdma_memtomem_dma1_channel1, (uint32_t *)&RxBuffer, dma_rx, Uart1_Rx_Cnt);
                                                                           ^
.\Core\Src\main.c: 0 warnings, 2 errors

[2022-01-24 22:10:45]	compilation failed at : "e:\jiujiu\DMA\Core\Src\main.c", exit code: 1
  at unify_builder.Program.compileByMulThread (System.Int32 thrNum, unify_builder.CmdGenerator+CmdInfo[] cmds, System.Collections.Generic.List`1[T] errLogs) [0x00104] in <67d11e1b30504dd6babd321425698ba1>:0 
  at unify_builder.Program.Main (System.String[] args) [0x018f4] in <67d11e1b30504dd6babd321425698ba1>:0 
---
".\Core\Src\main.c", line 188: Error:  #167: argument of type "uint32_t *" is incompatible with parameter of type "uint32_t"
        HAL_DMA_Start(&hdma_memtomem_dma1_channel1, (uint32_t )&RxBuffer, dma_rx, Uart1_Rx_Cnt);
                                                                          ^
.\Core\Src\main.c: 0 warnings, 1 error

[2022-01-24 22:11:28]	[done]
	build successfully !

[2022-01-24 22:13:17]	[done]
	build successfully !

[2022-01-24 22:14:45]	[done]
	build successfully !

[2022-01-24 22:17:06]	[done]
	build successfully !

[2022-01-24 22:18:44]	[done]
	build successfully !

[2022-01-24 22:19:00]	[done]
	build successfully !

[2022-01-24 22:19:47]	[done]
	build successfully !

[2022-01-24 22:20:26]	[done]
	build successfully !

[2022-01-24 22:22:30]	[done]
	build successfully !

[2022-01-24 22:26:48]	[done]
	build successfully !

[2022-01-24 22:55:28]	[done]
	build successfully !

[2022-01-24 22:55:53]	[done]
	build successfully !

[2022-01-24 23:01:12]	[done]
	build successfully !

[2022-01-24 23:02:12]	[done]
	build successfully !

[2022-01-24 23:06:42]	[done]
	build successfully !

[2022-01-25 19:21:44]	link failed !, exit code: 1
  at unify_builder.Program.Main (System.String[] args) [0x01a1e] in <67d11e1b30504dd6babd321425698ba1>:0 
---
Error: L6218E: Undefined symbol HAL_I2C_Init (referred from i2c.o).
Not enough information to list image symbols.
Finished: 1 information, 0 warning and 1 error messages.


[2022-01-25 19:24:23]	link failed !, exit code: 1
  at unify_builder.Program.Main (System.String[] args) [0x01a1e] in <67d11e1b30504dd6babd321425698ba1>:0 
---
Error: L6218E: Undefined symbol MX_I2C1_Init (referred from main.o).
Not enough information to list image symbols.
Finished: 1 information, 0 warning and 1 error messages.


[2022-01-25 19:24:43]	[done]
	build successfully !

[2022-01-25 19:42:16]	[done]
	build successfully !

[2022-01-25 19:50:17]	[done]
	build successfully !

[2022-01-25 20:09:31]	[done]
	build successfully !

[2022-01-25 20:51:40]	compilation failed at : "e:\jiujiu\DMA\Core\Src\main.c", exit code: 1
  at unify_builder.Program.compileByMulThread (System.Int32 thrNum, unify_builder.CmdGenerator+CmdInfo[] cmds, System.Collections.Generic.List`1[T] errLogs) [0x00104] in <67d11e1b30504dd6babd321425698ba1>:0 
  at unify_builder.Program.Main (System.String[] args) [0x018f4] in <67d11e1b30504dd6babd321425698ba1>:0 
---
".\Core\Src\main.c", line 99: Error:  #20: identifier "aRxBuffer" is undefined
    HAL_UART_Receive_IT(&huart1, (uint8_t *)&aRxBuffer, 1);
                                             ^
.\Core\Src\main.c: 0 warnings, 1 error

[2022-01-25 20:53:22]	[done]
	build successfully !

[2022-01-25 20:54:06]	[done]
	build successfully !

